
> vercel-marketplace-neon@0.1.0 dev
> next dev

   ▲ Next.js 15.1.6
   - Local:        http://localhost:3000
   - Network:      http://192.168.0.195:3000
   - Environments: .env

 ✓ Starting...
 ✓ Ready in 1680ms
 ✓ Compiled /middleware in 202ms (98 modules)
[c7553328-ba80-4fac-8889-7a955ebe6546] GET http://localhost:3000/
 ○ Compiling / ...
 ✓ Compiled / in 2.6s (615 modules)
 GET / 200 in 2730ms
 ✓ Compiled in 55ms (293 modules)
[67e2539f-5e18-4e3f-867b-6b97fab65581] GET http://localhost:3000/api/products?category=All+Categories&limit=50&page=1&sortBy=name&sortOrder=asc&search=
[84f57ddf-7c99-43a5-864f-ded1d85f5494] GET http://localhost:3000/api/stats
[ce583eb3-ae53-4196-946a-90d3f38863cd] GET http://localhost:3000/api/suppliers
[ca9cefa0-689c-46df-8b2a-144b0a4eacc2] GET http://localhost:3000/api/token-usage
[a1d48139-0ddf-4ce0-a8f2-7cd5a5f46fcb] GET http://localhost:3000/api/uploads/status?limit=5
 ✓ Compiled /api/uploads/status in 53ms (328 modules)
 ✓ Compiled in 38ms (280 modules)
 GET /api/token-usage 200 in 160ms
 GET /favicon.ico 200 in 197ms
[eccaafeb-3ae2-4d99-a191-2c08ec1f7ab4] GET http://localhost:3000/api/uploads/pending-count
 ✓ Compiled /api/uploads/pending-count in 56ms (624 modules)
 GET /api/suppliers 200 in 599ms
 GET /api/uploads/pending-count 200 in 533ms
 GET /api/uploads/status?limit=5 200 in 895ms
 GET /api/stats 200 in 1506ms
 GET /api/products?category=All%20Categories&limit=50&page=1&sortBy=name&sortOrder=asc&search= 200 in 1952ms
[0de7be42-9367-4d6f-a8bc-74a599e237f1] GET http://localhost:3000/
 GET / 200 in 42ms
 ✓ Compiled in 81ms (294 modules)
[72c53a7d-9952-40fa-9f99-8464868a8557] GET http://localhost:3000/
 ✓ Compiled /_not-found in 156ms (597 modules)
 GET / 404 in 205ms
[16ec5025-0947-490d-9ba4-28c01e73d593] GET http://localhost:3000/
 GET / 404 in 19ms
 GET /_next/static/css/app/layout.css?v=1749814528811 404 in 6ms
 GET /_next/static/chunks/app-pages-internals.js 404 in 18ms
 GET /_next/static/chunks/app/page.js 404 in 17ms
 GET /_next/static/chunks/main-app.js?v=1749814528811 404 in 8ms
 ✓ Compiled in 59ms (297 modules)
 ✓ Compiled in 82ms (294 modules)
[?25h
